<?xml version="1.0" encoding="UTF-8"?>
<!-- Generated by org.testng.reporters.JUnitXMLReporter -->
<testsuite ignored="1" hostname="DESKTOP-G01D0OC" failures="0" tests="1" name="Default test(failed)" time="33.252" errors="0" timestamp="2022-08-10T19:05:09 IST">
  <testcase classname="Kite_tests.test_amazone" name="validate_product_showin_cart" time="2.339"/>
  <testcase classname="Kite_tests.test_amazone" name="validate_product_addtocart" time="0.0">
    <ignored/>
  </testcase> <!-- validate_product_addtocart -->
</testsuite> <!-- Default test(failed) -->
