<?xml version="1.0" encoding="UTF-8"?>
<!-- Generated by org.testng.reporters.JUnitXMLReporter -->
<testsuite ignored="0" hostname="DESKTOP-G01D0OC" failures="1" tests="1" name="chrome" time="8.746" errors="0" timestamp="2022-07-29T11:44:25 IST">
  <testcase classname="CrossBrowzer_Testing.CB_KiteTesting" name="VCTC_Launch" time="8.671">
    <failure type="java.lang.NullPointerException">
      <![CDATA[java.lang.NullPointerException
at CrossBrowzer_Testing.CB_KiteTesting.VCTC_Launch(CB_KiteTesting.java:32)
at java.base/java.util.ArrayList.forEach(ArrayList.java:1541)
... Removed 27 stack frames]]>
    </failure>
  </testcase> <!-- VCTC_Launch -->
</testsuite> <!-- chrome -->
