<?xml version="1.0" encoding="UTF-8"?>
<!-- Generated by org.testng.reporters.JUnitXMLReporter -->
<testsuite ignored="0" hostname="DESKTOP-G01D0OC" failures="0" tests="5" name="Testdependent.xml" time="0.281" errors="0" timestamp="2022-07-24T19:45:16 IST">
  <testcase classname="TestNG_study.dependsonmethod" name="a" time="0.061"/>
  <testcase classname="TestNG_study.dependsonmethod" name="d" time="0.002"/>
  <testcase classname="TestNG_study.dependsonmethod" name="b" time="0.002"/>
  <testcase classname="TestNG_study.dependsonmethod" name="c" time="0.006"/>
  <testcase classname="TestNG_study.dependsonmethod" name="e" time="0.007"/>
</testsuite> <!-- Testdependent.xml -->
