<?xml version="1.0" encoding="UTF-8"?>
<!-- Generated by org.testng.reporters.JUnitXMLReporter -->
<testsuite ignored="0" hostname="DESKTOP-G01D0OC" failures="1" tests="1" name="Default test(failed)(failed)" time="0.099" errors="0" timestamp="2022-08-04T13:58:26 IST">
  <testcase classname="Kite_tests.Test_class" name="@BeforeClass launchbrowzer" time="-1.659601706525E9">
    <failure type="org.testng.TestNGException" message="
Can inject only one of &amp;lt;ITestContext, XmlTest&amp;gt; into a @BeforeClass annotated launchbrowzer.
For more information on native dependency injection please refer to https://testng.org/doc/documentation-main.html#native-dependency-injection">
      <![CDATA[org.testng.TestNGException: 
Can inject only one of <ITestContext, XmlTest> into a @BeforeClass annotated launchbrowzer.
For more information on native dependency injection please refer to https://testng.org/doc/documentation-main.html#native-dependency-injection
at java.base/java.util.ArrayList.forEach(ArrayList.java:1541)
... Removed 22 stack frames]]>
    </failure>
  </testcase> <!-- @BeforeClass launchbrowzer -->
  <testcase classname="Kite_tests.Test_class" name="@AfterClass closebrowzer" time="-1.659601706577E9">
    <skipped/>
  </testcase> <!-- @AfterClass closebrowzer -->
  <testcase classname="Kite_tests.Test_class" name="validateuserid" time="0.0">
    <failure type="org.testng.TestNGException" message="
Cannot inject @Test annotated Method [validateuserid] with [interface org.testng.ITestListener].
For more information on native dependency injection please refer to https://testng.org/doc/documentation-main.html#native-dependency-injection">
      <![CDATA[org.testng.TestNGException: 
For more information on native dependency injection please refer to https://testng.org/doc/documentation-main.html#native-dependency-injection
at java.base/java.util.ArrayList.forEach(ArrayList.java:1541)
... Removed 27 stack frames]]>
    </failure>
  </testcase> <!-- validateuserid -->
</testsuite> <!-- Default test(failed)(failed) -->
