<?xml version="1.0" encoding="UTF-8"?>
<!-- Generated by org.testng.reporters.JUnitXMLReporter -->
<testsuite ignored="1" hostname="DESKTOP-G01D0OC" failures="0" tests="1" name="Test(failed)" time="54.233" errors="0" timestamp="2022-08-13T14:01:40 IST">
  <testcase classname="Kite_tests.test_amazone" name="validate_product_showin_cart" time="3.01"/>
  <testcase classname="Kite_tests.test_amazone" name="validate_product_addtocart" time="0.0">
    <ignored/>
  </testcase> <!-- validate_product_addtocart -->
</testsuite> <!-- Test(failed) -->
