<?xml version="1.0" encoding="UTF-8"?>
<testng-results ignored="1" total="2" passed="1" failed="0" skipped="0">
  <reporter-output>
    <line>
      <![CDATA[browzer launch]]>
    </line>
    <line>
      <![CDATA[amazon sign in]]>
    </line>
    <line>
      <![CDATA[search product]]>
    </line>
    <line>
      <![CDATA[select product]]>
    </line>
    <line>
      <![CDATA[prouct add in cart]]>
    </line>
    <line>
      <![CDATA[product display in cart]]>
    </line>
    <line>
      <![CDATA[screenshot got]]>
    </line>
    <line>
      <![CDATA[tcid 102 pass, product show in add to cart]]>
    </line>
    <line>
      <![CDATA[go to homepage]]>
    </line>
  </reporter-output>
  <suite started-at="2022-08-13T14:00:46 IST" name="Failed suite [Suite]" finished-at="2022-08-13T14:01:40 IST" duration-ms="54233">
    <groups>
    </groups>
    <test started-at="2022-08-13T14:00:46 IST" name="Test(failed)" finished-at="2022-08-13T14:01:40 IST" duration-ms="54233">
      <class name="Kite_tests.test_amazone">
        <test-method is-config="true" signature="launchbrowzer()[pri:0, instance:Kite_tests.test_amazone@d9345cd]" started-at="2022-08-13T14:00:46 IST" name="launchbrowzer" finished-at="2022-08-13T14:01:08 IST" duration-ms="21501" status="PASS">
          <reporter-output>
            <line>
              <![CDATA[browzer launch]]>
            </line>
          </reporter-output>
        </test-method> <!-- launchbrowzer -->
        <test-method is-config="true" signature="loginamazone()[pri:0, instance:Kite_tests.test_amazone@d9345cd]" started-at="2022-08-13T14:01:08 IST" name="loginamazone" finished-at="2022-08-13T14:01:33 IST" duration-ms="25394" status="PASS">
          <reporter-output>
            <line>
              <![CDATA[amazon sign in]]>
            </line>
            <line>
              <![CDATA[search product]]>
            </line>
            <line>
              <![CDATA[select product]]>
            </line>
            <line>
              <![CDATA[prouct add in cart]]>
            </line>
          </reporter-output>
        </test-method> <!-- loginamazone -->
        <test-method signature="validate_product_showin_cart()[pri:0, instance:Kite_tests.test_amazone@d9345cd]" started-at="2022-08-13T14:01:33 IST" name="validate_product_showin_cart" finished-at="2022-08-13T14:01:36 IST" duration-ms="3010" status="PASS">
          <reporter-output>
            <line>
              <![CDATA[product display in cart]]>
            </line>
            <line>
              <![CDATA[screenshot got]]>
            </line>
            <line>
              <![CDATA[tcid 102 pass, product show in add to cart]]>
            </line>
          </reporter-output>
        </test-method> <!-- validate_product_showin_cart -->
        <test-method is-config="true" signature="gotohomepage()[pri:0, instance:Kite_tests.test_amazone@d9345cd]" started-at="2022-08-13T14:01:36 IST" name="gotohomepage" finished-at="2022-08-13T14:01:40 IST" duration-ms="4218" status="PASS">
          <reporter-output>
            <line>
              <![CDATA[go to homepage]]>
            </line>
          </reporter-output>
        </test-method> <!-- gotohomepage -->
      </class> <!-- Kite_tests.test_amazone -->
    </test> <!-- Test(failed) -->
  </suite> <!-- Failed suite [Suite] -->
</testng-results>
